Determining if the pthread_create exist failed with the following output:
Change Dir: /home/niallmullane/racecar_ws/racecar_ws/build/CMakeFiles/CMakeTmp

Run Build Command:"/usr/bin/make" "cmTC_a38cf/fast"
/usr/bin/make -f CMakeFiles/cmTC_a38cf.dir/build.make CMakeFiles/cmTC_a38cf.dir/build
make[1]: Entering directory '/home/niallmullane/racecar_ws/racecar_ws/build/CMakeFiles/CMakeTmp'
Building C object CMakeFiles/cmTC_a38cf.dir/CheckSymbolExists.c.o
/usr/bin/cc     -o CMakeFiles/cmTC_a38cf.dir/CheckSymbolExists.c.o   -c /home/niallmullane/racecar_ws/racecar_ws/build/CMakeFiles/CMakeTmp/CheckSymbolExists.c
Linking C executable cmTC_a38cf
/usr/bin/cmake -E cmake_link_script CMakeFiles/cmTC_a38cf.dir/link.txt --verbose=1
/usr/bin/cc       CMakeFiles/cmTC_a38cf.dir/CheckSymbolExists.c.o  -o cmTC_a38cf -rdynamic 
CMakeFiles/cmTC_a38cf.dir/CheckSymbolExists.c.o: In function `main':
CheckSymbolExists.c:(.text+0x16): undefined reference to `pthread_create'
collect2: error: ld returned 1 exit status
CMakeFiles/cmTC_a38cf.dir/build.make:97: recipe for target 'cmTC_a38cf' failed
make[1]: *** [cmTC_a38cf] Error 1
make[1]: Leaving directory '/home/niallmullane/racecar_ws/racecar_ws/build/CMakeFiles/CMakeTmp'
Makefile:126: recipe for target 'cmTC_a38cf/fast' failed
make: *** [cmTC_a38cf/fast] Error 2

File /home/niallmullane/racecar_ws/racecar_ws/build/CMakeFiles/CMakeTmp/CheckSymbolExists.c:
/* */
#include <pthread.h>

int main(int argc, char** argv)
{
  (void)argv;
#ifndef pthread_create
  return ((int*)(&pthread_create))[argc];
#else
  (void)argc;
  return 0;
#endif
}

Determining if the function pthread_create exists in the pthreads failed with the following output:
Change Dir: /home/niallmullane/racecar_ws/racecar_ws/build/CMakeFiles/CMakeTmp

Run Build Command:"/usr/bin/make" "cmTC_cff98/fast"
/usr/bin/make -f CMakeFiles/cmTC_cff98.dir/build.make CMakeFiles/cmTC_cff98.dir/build
make[1]: Entering directory '/home/niallmullane/racecar_ws/racecar_ws/build/CMakeFiles/CMakeTmp'
Building C object CMakeFiles/cmTC_cff98.dir/CheckFunctionExists.c.o
/usr/bin/cc    -DCHECK_FUNCTION_EXISTS=pthread_create   -o CMakeFiles/cmTC_cff98.dir/CheckFunctionExists.c.o   -c /usr/share/cmake-3.5/Modules/CheckFunctionExists.c
Linking C executable cmTC_cff98
/usr/bin/cmake -E cmake_link_script CMakeFiles/cmTC_cff98.dir/link.txt --verbose=1
/usr/bin/cc   -DCHECK_FUNCTION_EXISTS=pthread_create    CMakeFiles/cmTC_cff98.dir/CheckFunctionExists.c.o  -o cmTC_cff98 -rdynamic -lpthreads 
/usr/bin/ld: cannot find -lpthreads
collect2: error: ld returned 1 exit status
CMakeFiles/cmTC_cff98.dir/build.make:97: recipe for target 'cmTC_cff98' failed
make[1]: *** [cmTC_cff98] Error 1
make[1]: Leaving directory '/home/niallmullane/racecar_ws/racecar_ws/build/CMakeFiles/CMakeTmp'
Makefile:126: recipe for target 'cmTC_cff98/fast' failed
make: *** [cmTC_cff98/fast] Error 2


Determining if the include file pgm.h exists failed with the following output:
Change Dir: /home/niallmullane/racecar_ws/racecar_ws/build/CMakeFiles/CMakeTmp

Run Build Command:"/usr/bin/make" "cmTC_c6667/fast"
/usr/bin/make -f CMakeFiles/cmTC_c6667.dir/build.make CMakeFiles/cmTC_c6667.dir/build
make[1]: Entering directory '/home/niallmullane/racecar_ws/racecar_ws/build/CMakeFiles/CMakeTmp'
Building CXX object CMakeFiles/cmTC_c6667.dir/CheckIncludeFile.cxx.o
/usr/bin/c++      -o CMakeFiles/cmTC_c6667.dir/CheckIncludeFile.cxx.o -c /home/niallmullane/racecar_ws/racecar_ws/build/CMakeFiles/CMakeTmp/CheckIncludeFile.cxx
/home/niallmullane/racecar_ws/racecar_ws/build/CMakeFiles/CMakeTmp/CheckIncludeFile.cxx:1:17: fatal error: pgm.h: No such file or directory
compilation terminated.
CMakeFiles/cmTC_c6667.dir/build.make:65: recipe for target 'CMakeFiles/cmTC_c6667.dir/CheckIncludeFile.cxx.o' failed
make[1]: *** [CMakeFiles/cmTC_c6667.dir/CheckIncludeFile.cxx.o] Error 1
make[1]: Leaving directory '/home/niallmullane/racecar_ws/racecar_ws/build/CMakeFiles/CMakeTmp'
Makefile:126: recipe for target 'cmTC_c6667/fast' failed
make: *** [cmTC_c6667/fast] Error 2


